2025-06-30 21:08:51 [main] INFO  c.z.h.HuiNongPlatformApplicationTests - Starting HuiNongPlatformApplicationTests using Java 17.0.12 on DESKTOP-BVE9NRQ with PID 25524 (started by Administrator in E:\devFiles\java\HuiNongPlatform)
2025-06-30 21:08:51 [main] INFO  c.z.h.HuiNongPlatformApplicationTests - No active profile set, falling back to 1 default profile: "default"
2025-06-30 21:08:51 [main] INFO  o.s.d.r.c.RepositoryConfigurationDelegate - Multiple Spring Data modules found, entering strict repository configuration mode
2025-06-30 21:08:51 [main] INFO  o.s.d.r.c.RepositoryConfigurationDelegate - Bootstrapping Spring Data Redis repositories in DEFAULT mode.
2025-06-30 21:08:51 [main] INFO  o.s.d.r.c.RepositoryConfigurationDelegate - Finished Spring Data repository scanning in 9 ms. Found 0 Redis repository interfaces.
2025-06-30 21:08:54 [main] INFO  o.s.a.r.c.CachingConnectionFactory - Attempting to connect to: [localhost:5672]
2025-06-30 21:08:54 [main] INFO  o.s.a.r.c.CachingConnectionFactory - Created new connection: rabbitConnectionFactory#2b9b17ce:0/SimpleConnection@40071890 [delegate=amqp://admin@127.0.0.1:5672/, localPort= 61290]
2025-06-30 21:08:54 [main] INFO  c.z.h.HuiNongPlatformApplicationTests - Started HuiNongPlatformApplicationTests in 3.761 seconds (JVM running for 4.336)
2025-06-30 21:08:55 [org.springframework.amqp.rabbit.RabbitListenerEndpointContainer#0-2] INFO  o.s.a.r.l.SimpleMessageListenerContainer - Waiting for workers to finish.
2025-06-30 21:08:55 [org.springframework.amqp.rabbit.RabbitListenerEndpointContainer#1-2] INFO  o.s.a.r.l.SimpleMessageListenerContainer - Waiting for workers to finish.
2025-06-30 21:08:55 [org.springframework.amqp.rabbit.RabbitListenerEndpointContainer#2-2] INFO  o.s.a.r.l.SimpleMessageListenerContainer - Waiting for workers to finish.
2025-06-30 21:08:55 [org.springframework.amqp.rabbit.RabbitListenerEndpointContainer#3-2] INFO  o.s.a.r.l.SimpleMessageListenerContainer - Waiting for workers to finish.
2025-06-30 21:08:55 [org.springframework.amqp.rabbit.RabbitListenerEndpointContainer#0-2] INFO  o.s.a.r.l.SimpleMessageListenerContainer - Successfully waited for workers to finish.
2025-06-30 21:08:55 [org.springframework.amqp.rabbit.RabbitListenerEndpointContainer#1-2] INFO  o.s.a.r.l.SimpleMessageListenerContainer - Successfully waited for workers to finish.
2025-06-30 21:08:55 [org.springframework.amqp.rabbit.RabbitListenerEndpointContainer#2-2] INFO  o.s.a.r.l.SimpleMessageListenerContainer - Successfully waited for workers to finish.
2025-06-30 21:08:55 [org.springframework.amqp.rabbit.RabbitListenerEndpointContainer#3-2] INFO  o.s.a.r.l.SimpleMessageListenerContainer - Successfully waited for workers to finish.
2025-06-30 21:09:31 [main] INFO  c.z.h.HuiNongPlatformApplicationTests - Starting HuiNongPlatformApplicationTests using Java 17.0.12 on DESKTOP-BVE9NRQ with PID 18984 (started by Administrator in E:\devFiles\java\HuiNongPlatform)
2025-06-30 21:09:31 [main] INFO  c.z.h.HuiNongPlatformApplicationTests - No active profile set, falling back to 1 default profile: "default"
2025-06-30 21:09:32 [main] INFO  o.s.d.r.c.RepositoryConfigurationDelegate - Multiple Spring Data modules found, entering strict repository configuration mode
2025-06-30 21:09:32 [main] INFO  o.s.d.r.c.RepositoryConfigurationDelegate - Bootstrapping Spring Data Redis repositories in DEFAULT mode.
2025-06-30 21:09:32 [main] INFO  o.s.d.r.c.RepositoryConfigurationDelegate - Finished Spring Data repository scanning in 9 ms. Found 0 Redis repository interfaces.
2025-06-30 21:09:34 [main] INFO  o.s.a.r.c.CachingConnectionFactory - Attempting to connect to: [localhost:5672]
2025-06-30 21:09:34 [main] INFO  o.s.a.r.c.CachingConnectionFactory - Created new connection: rabbitConnectionFactory#29c1249a:0/SimpleConnection@6d658aa8 [delegate=amqp://admin@127.0.0.1:5672/, localPort= 61295]
2025-06-30 21:09:35 [main] INFO  c.z.h.HuiNongPlatformApplicationTests - Started HuiNongPlatformApplicationTests in 3.693 seconds (JVM running for 4.264)
2025-06-30 21:09:35 [org.springframework.amqp.rabbit.RabbitListenerEndpointContainer#0-2] INFO  o.s.a.r.l.SimpleMessageListenerContainer - Waiting for workers to finish.
2025-06-30 21:09:35 [org.springframework.amqp.rabbit.RabbitListenerEndpointContainer#1-2] INFO  o.s.a.r.l.SimpleMessageListenerContainer - Waiting for workers to finish.
2025-06-30 21:09:35 [org.springframework.amqp.rabbit.RabbitListenerEndpointContainer#2-2] INFO  o.s.a.r.l.SimpleMessageListenerContainer - Waiting for workers to finish.
2025-06-30 21:09:35 [org.springframework.amqp.rabbit.RabbitListenerEndpointContainer#3-2] INFO  o.s.a.r.l.SimpleMessageListenerContainer - Waiting for workers to finish.
2025-06-30 21:09:35 [org.springframework.amqp.rabbit.RabbitListenerEndpointContainer#0-2] INFO  o.s.a.r.l.SimpleMessageListenerContainer - Successfully waited for workers to finish.
2025-06-30 21:09:35 [org.springframework.amqp.rabbit.RabbitListenerEndpointContainer#2-2] INFO  o.s.a.r.l.SimpleMessageListenerContainer - Successfully waited for workers to finish.
2025-06-30 21:09:35 [org.springframework.amqp.rabbit.RabbitListenerEndpointContainer#1-2] INFO  o.s.a.r.l.SimpleMessageListenerContainer - Successfully waited for workers to finish.
2025-06-30 21:09:36 [org.springframework.amqp.rabbit.RabbitListenerEndpointContainer#3-2] INFO  o.s.a.r.l.SimpleMessageListenerContainer - Successfully waited for workers to finish.
2025-06-30 21:12:17 [main] INFO  c.z.h.HuiNongPlatformApplicationTests - Starting HuiNongPlatformApplicationTests using Java 17.0.12 on DESKTOP-BVE9NRQ with PID 12568 (started by Administrator in E:\devFiles\java\HuiNongPlatform)
2025-06-30 21:12:17 [main] INFO  c.z.h.HuiNongPlatformApplicationTests - No active profile set, falling back to 1 default profile: "default"
2025-06-30 21:12:18 [main] INFO  o.s.d.r.c.RepositoryConfigurationDelegate - Multiple Spring Data modules found, entering strict repository configuration mode
2025-06-30 21:12:18 [main] INFO  o.s.d.r.c.RepositoryConfigurationDelegate - Bootstrapping Spring Data Redis repositories in DEFAULT mode.
2025-06-30 21:12:18 [main] INFO  o.s.d.r.c.RepositoryConfigurationDelegate - Finished Spring Data repository scanning in 10 ms. Found 0 Redis repository interfaces.
2025-06-30 21:12:21 [main] INFO  o.s.a.r.c.CachingConnectionFactory - Attempting to connect to: [localhost:5672]
2025-06-30 21:12:21 [main] INFO  o.s.a.r.c.CachingConnectionFactory - Created new connection: rabbitConnectionFactory#774f2992:0/SimpleConnection@2b30b627 [delegate=amqp://admin@127.0.0.1:5672/, localPort= 61407]
2025-06-30 21:12:21 [main] INFO  c.z.h.HuiNongPlatformApplicationTests - Started HuiNongPlatformApplicationTests in 4.028 seconds (JVM running for 4.677)
2025-06-30 21:12:21 [org.springframework.amqp.rabbit.RabbitListenerEndpointContainer#0-2] INFO  o.s.a.r.l.SimpleMessageListenerContainer - Waiting for workers to finish.
2025-06-30 21:12:21 [org.springframework.amqp.rabbit.RabbitListenerEndpointContainer#1-2] INFO  o.s.a.r.l.SimpleMessageListenerContainer - Waiting for workers to finish.
2025-06-30 21:12:21 [org.springframework.amqp.rabbit.RabbitListenerEndpointContainer#2-2] INFO  o.s.a.r.l.SimpleMessageListenerContainer - Waiting for workers to finish.
2025-06-30 21:12:21 [org.springframework.amqp.rabbit.RabbitListenerEndpointContainer#3-2] INFO  o.s.a.r.l.SimpleMessageListenerContainer - Waiting for workers to finish.
2025-06-30 21:12:22 [org.springframework.amqp.rabbit.RabbitListenerEndpointContainer#1-2] INFO  o.s.a.r.l.SimpleMessageListenerContainer - Successfully waited for workers to finish.
2025-06-30 21:12:22 [org.springframework.amqp.rabbit.RabbitListenerEndpointContainer#0-2] INFO  o.s.a.r.l.SimpleMessageListenerContainer - Successfully waited for workers to finish.
2025-06-30 21:12:22 [org.springframework.amqp.rabbit.RabbitListenerEndpointContainer#3-2] INFO  o.s.a.r.l.SimpleMessageListenerContainer - Successfully waited for workers to finish.
2025-06-30 21:12:22 [org.springframework.amqp.rabbit.RabbitListenerEndpointContainer#2-2] INFO  o.s.a.r.l.SimpleMessageListenerContainer - Successfully waited for workers to finish.
